*******************************************************************************
Fri Mar 25 12:42:50 2022


FIT:    data read from 'duegaussiane.txt' u 1:2:3 yerrors
        format = x:z:s
        x range restricted to [20.0000 : 30.0000]
        #datapoints = 100
function used for fitting: f(x)
	f(x) = h1 * exp(- (x - u1)**2 / (2 * s1**2)) + h2 * exp(- (x -u2)**2 / (2 * s2**2))
fitted parameters initialized with current variable values

iter      chisq       delta/lim  lambda   h1            u1            s1            h2            u2            s2           
   0 9.0051759713e+03   0.00e+00  3.92e+02    5.000000e+00   2.400000e+01   1.000000e+00   4.000000e+00   2.650000e+01   1.200000e+00
   5 3.7474770822e+02  -2.14e-03  3.92e-03    4.931824e+00   2.398129e+01   1.209856e+00   3.381456e+00   2.698394e+01   1.221489e+00

After 5 iterations the fit converged.
final sum of squares of residuals : 374.748
rel. change during last iteration : -2.13816e-08

degrees of freedom    (FIT_NDF)                        : 94
rms of residuals      (FIT_STDFIT) = sqrt(WSSR/ndf)    : 1.99667
variance of residuals (reduced chisquare) = WSSR/ndf   : 3.98668
p-value of the Chisq distribution (FIT_P)              : 0

Final set of parameters            Asymptotic Standard Error
=======================            ==========================
h1              = 4.93182          +/- 0.04103      (0.8319%)
u1              = 23.9813          +/- 0.02333      (0.09729%)
s1              = 1.20986          +/- 0.01625      (1.343%)
h2              = 3.38146          +/- 0.03827      (1.132%)
u2              = 26.9839          +/- 0.03422      (0.1268%)
s2              = 1.22149          +/- 0.02507      (2.053%)

correlation matrix of the fit parameters:
                h1     u1     s1     h2     u2     s2     
h1              1.000 
u1              0.700  1.000 
s1              0.437  0.835  1.000 
h2             -0.317 -0.666 -0.740  1.000 
u2              0.710  0.927  0.857 -0.652  1.000 
s2             -0.777 -0.865 -0.733  0.395 -0.845  1.000 

